{"/Users/ashlygenao/scale/server/app.js": {"path":"/Users/ashlygenao/scale/server/app.js","statementMap":{"0":{"start":{"line":11,"column":12},"end":{"line":11,"column":21}},"1":{"start":{"line":13,"column":0},"end":{"line":19,"column":4}},"2":{"start":{"line":21,"column":0},"end":{"line":21,"column":24}},"3":{"start":{"line":23,"column":0},"end":{"line":25,"column":3}},"4":{"start":{"line":24,"column":2},"end":{"line":24,"column":29}},"5":{"start":{"line":27,"column":0},"end":{"line":27,"column":33}},"6":{"start":{"line":28,"column":0},"end":{"line":28,"column":33}},"7":{"start":{"line":29,"column":0},"end":{"line":29,"column":43}},"8":{"start":{"line":30,"column":0},"end":{"line":30,"column":40}},"9":{"start":{"line":31,"column":0},"end":{"line":31,"column":36}},"10":{"start":{"line":32,"column":0},"end":{"line":32,"column":43}},"11":{"start":{"line":34,"column":0},"end":{"line":36,"column":3}},"12":{"start":{"line":35,"column":2},"end":{"line":35,"column":45}}},"fnMap":{"0":{"name":"(anonymous_0)","decl":{"start":{"line":23,"column":19},"end":{"line":23,"column":20}},"loc":{"start":{"line":23,"column":33},"end":{"line":25,"column":1}},"line":23},"1":{"name":"(anonymous_1)","decl":{"start":{"line":34,"column":13},"end":{"line":34,"column":14}},"loc":{"start":{"line":34,"column":27},"end":{"line":36,"column":1}},"line":34}},"branchMap":{},"s":{"0":4,"1":4,"2":4,"3":4,"4":1,"5":4,"6":4,"7":4,"8":4,"9":4,"10":4,"11":4,"12":0},"f":{"0":1,"1":0},"b":{},"_coverageSchema":"1a1c01bbd47fc00a2c39e90264f33305004495a9","hash":"e8c66dbd63565bd79fe932d6c9c709ae85acacec"}
,"/Users/ashlygenao/scale/server/controllers/analyticsController.js": {"path":"/Users/ashlygenao/scale/server/controllers/analyticsController.js","statementMap":{"0":{"start":{"line":5,"column":2},"end":{"line":5,"column":26}},"1":{"start":{"line":5,"column":14},"end":{"line":5,"column":26}},"2":{"start":{"line":8,"column":2},"end":{"line":14,"column":3}},"3":{"start":{"line":9,"column":18},"end":{"line":9,"column":41}},"4":{"start":{"line":11,"column":4},"end":{"line":13,"column":5}},"5":{"start":{"line":12,"column":6},"end":{"line":12,"column":30}},"6":{"start":{"line":16,"column":2},"end":{"line":16,"column":14}},"7":{"start":{"line":20,"column":2},"end":{"line":20,"column":30}},"8":{"start":{"line":20,"column":19},"end":{"line":20,"column":30}},"9":{"start":{"line":22,"column":2},"end":{"line":22,"column":19}},"10":{"start":{"line":25,"column":28},"end":{"line":441,"column":1}},"11":{"start":{"line":26,"column":2},"end":{"line":440,"column":1}},"12":{"start":{"line":27,"column":19},"end":{"line":27,"column":30}},"13":{"start":{"line":29,"column":19},"end":{"line":31,"column":6}},"14":{"start":{"line":33,"column":21},"end":{"line":35,"column":6}},"15":{"start":{"line":41,"column":18},"end":{"line":43,"column":5}},"16":{"start":{"line":42,"column":13},"end":{"line":42,"column":56}},"17":{"start":{"line":45,"column":26},"end":{"line":47,"column":5}},"18":{"start":{"line":46,"column":13},"end":{"line":46,"column":35}},"19":{"start":{"line":49,"column":30},"end":{"line":53,"column":5}},"20":{"start":{"line":51,"column":8},"end":{"line":52,"column":30}},"21":{"start":{"line":59,"column":26},"end":{"line":59,"column":35}},"22":{"start":{"line":61,"column":0},"end":{"line":73,"column":3}},"23":{"start":{"line":62,"column":15},"end":{"line":62,"column":40}},"24":{"start":{"line":64,"column":14},"end":{"line":67,"column":4}},"25":{"start":{"line":69,"column":2},"end":{"line":72,"column":4}},"26":{"start":{"line":79,"column":17},"end":{"line":79,"column":31}},"27":{"start":{"line":82,"column":4},"end":{"line":84,"column":27}},"28":{"start":{"line":86,"column":2},"end":{"line":86,"column":42}},"29":{"start":{"line":88,"column":2},"end":{"line":91,"column":5}},"30":{"start":{"line":94,"column":21},"end":{"line":94,"column":23}},"31":{"start":{"line":96,"column":0},"end":{"line":101,"column":3}},"32":{"start":{"line":97,"column":14},"end":{"line":97,"column":41}},"33":{"start":{"line":99,"column":2},"end":{"line":100,"column":33}},"34":{"start":{"line":107,"column":23},"end":{"line":107,"column":25}},"35":{"start":{"line":109,"column":0},"end":{"line":127,"column":3}},"36":{"start":{"line":110,"column":13},"end":{"line":110,"column":40}},"37":{"start":{"line":112,"column":2},"end":{"line":117,"column":3}},"38":{"start":{"line":113,"column":4},"end":{"line":116,"column":6}},"39":{"start":{"line":119,"column":2},"end":{"line":119,"column":30}},"40":{"start":{"line":121,"column":2},"end":{"line":126,"column":3}},"41":{"start":{"line":125,"column":4},"end":{"line":125,"column":32}},"42":{"start":{"line":130,"column":24},"end":{"line":137,"column":3}},"43":{"start":{"line":132,"column":27},"end":{"line":137,"column":1}},"44":{"start":{"line":143,"column":17},"end":{"line":143,"column":19}},"45":{"start":{"line":145,"column":4},"end":{"line":149,"column":7}},"46":{"start":{"line":146,"column":6},"end":{"line":148,"column":9}},"47":{"start":{"line":147,"column":8},"end":{"line":147,"column":41}},"48":{"start":{"line":151,"column":27},"end":{"line":157,"column":9}},"49":{"start":{"line":152,"column":22},"end":{"line":152,"column":33}},"50":{"start":{"line":154,"column":31},"end":{"line":157,"column":7}},"51":{"start":{"line":163,"column":30},"end":{"line":163,"column":32}},"52":{"start":{"line":165,"column":4},"end":{"line":170,"column":7}},"53":{"start":{"line":166,"column":6},"end":{"line":166,"column":31}},"54":{"start":{"line":166,"column":24},"end":{"line":166,"column":31}},"55":{"start":{"line":168,"column":6},"end":{"line":169,"column":50}},"56":{"start":{"line":176,"column":23},"end":{"line":176,"column":25}},"57":{"start":{"line":178,"column":0},"end":{"line":186,"column":1}},"58":{"start":{"line":179,"column":20},"end":{"line":179,"column":44}},"59":{"start":{"line":181,"column":2},"end":{"line":183,"column":3}},"60":{"start":{"line":182,"column":4},"end":{"line":182,"column":35}},"61":{"start":{"line":185,"column":2},"end":{"line":185,"column":40}},"62":{"start":{"line":188,"column":19},"end":{"line":188,"column":21}},"63":{"start":{"line":190,"column":25},"end":{"line":190,"column":27}},"64":{"start":{"line":192,"column":0},"end":{"line":218,"column":1}},"65":{"start":{"line":194,"column":4},"end":{"line":194,"column":48}},"66":{"start":{"line":196,"column":2},"end":{"line":196,"column":42}},"67":{"start":{"line":196,"column":33},"end":{"line":196,"column":42}},"68":{"start":{"line":198,"column":22},"end":{"line":202,"column":3}},"69":{"start":{"line":200,"column":18},"end":{"line":200,"column":40}},"70":{"start":{"line":201,"column":21},"end":{"line":201,"column":31}},"71":{"start":{"line":205,"column":2},"end":{"line":217,"column":3}},"72":{"start":{"line":206,"column":4},"end":{"line":206,"column":31}},"73":{"start":{"line":208,"column":4},"end":{"line":216,"column":7}},"74":{"start":{"line":224,"column":26},"end":{"line":224,"column":28}},"75":{"start":{"line":226,"column":4},"end":{"line":233,"column":7}},"76":{"start":{"line":227,"column":18},"end":{"line":229,"column":8}},"77":{"start":{"line":231,"column":6},"end":{"line":232,"column":38}},"78":{"start":{"line":239,"column":24},"end":{"line":239,"column":25}},"79":{"start":{"line":240,"column":24},"end":{"line":240,"column":25}},"80":{"start":{"line":242,"column":4},"end":{"line":273,"column":5}},"81":{"start":{"line":243,"column":25},"end":{"line":249,"column":7}},"82":{"start":{"line":246,"column":12},"end":{"line":246,"column":43}},"83":{"start":{"line":251,"column":19},"end":{"line":251,"column":20}},"84":{"start":{"line":253,"column":6},"end":{"line":270,"column":7}},"85":{"start":{"line":253,"column":19},"end":{"line":253,"column":20}},"86":{"start":{"line":254,"column":21},"end":{"line":254,"column":48}},"87":{"start":{"line":255,"column":21},"end":{"line":255,"column":44}},"88":{"start":{"line":258,"column":10},"end":{"line":258,"column":47}},"89":{"start":{"line":260,"column":8},"end":{"line":264,"column":9}},"90":{"start":{"line":261,"column":10},"end":{"line":261,"column":19}},"91":{"start":{"line":263,"column":10},"end":{"line":263,"column":21}},"92":{"start":{"line":266,"column":8},"end":{"line":269,"column":10}},"93":{"start":{"line":272,"column":6},"end":{"line":272,"column":29}},"94":{"start":{"line":279,"column":28},"end":{"line":284,"column":1}},"95":{"start":{"line":281,"column":14},"end":{"line":281,"column":36}},"96":{"start":{"line":282,"column":17},"end":{"line":282,"column":27}},"97":{"start":{"line":287,"column":2},"end":{"line":289,"column":9}},"98":{"start":{"line":296,"column":6},"end":{"line":303,"column":11}},"99":{"start":{"line":299,"column":26},"end":{"line":299,"column":46}},"100":{"start":{"line":309,"column":17},"end":{"line":309,"column":19}},"101":{"start":{"line":313,"column":0},"end":{"line":323,"column":1}},"102":{"start":{"line":314,"column":21},"end":{"line":314,"column":46}},"103":{"start":{"line":315,"column":20},"end":{"line":315,"column":71}},"104":{"start":{"line":317,"column":2},"end":{"line":322,"column":3}},"105":{"start":{"line":318,"column":4},"end":{"line":321,"column":7}},"106":{"start":{"line":327,"column":0},"end":{"line":332,"column":1}},"107":{"start":{"line":328,"column":2},"end":{"line":331,"column":5}},"108":{"start":{"line":336,"column":16},"end":{"line":337,"column":28}},"109":{"start":{"line":337,"column":15},"end":{"line":337,"column":24}},"110":{"start":{"line":339,"column":0},"end":{"line":344,"column":1}},"111":{"start":{"line":340,"column":2},"end":{"line":343,"column":5}},"112":{"start":{"line":348,"column":0},"end":{"line":355,"column":1}},"113":{"start":{"line":349,"column":2},"end":{"line":354,"column":5}},"114":{"start":{"line":360,"column":4},"end":{"line":432,"column":7}},"115":{"start":{"line":395,"column":68},"end":{"line":398,"column":7}},"116":{"start":{"line":405,"column":12},"end":{"line":405,"column":47}},"117":{"start":{"line":407,"column":34},"end":{"line":410,"column":9}},"118":{"start":{"line":417,"column":24},"end":{"line":420,"column":1}},"119":{"start":{"line":425,"column":25},"end":{"line":428,"column":1}},"120":{"start":{"line":434,"column":2},"end":{"line":434,"column":23}},"121":{"start":{"line":436,"column":2},"end":{"line":439,"column":5}}},"fnMap":{"0":{"name":"gradeToNumber","decl":{"start":{"line":4,"column":9},"end":{"line":4,"column":22}},"loc":{"start":{"line":4,"column":30},"end":{"line":17,"column":1}},"line":4},"1":{"name":"numberToGrade","decl":{"start":{"line":19,"column":9},"end":{"line":19,"column":22}},"loc":{"start":{"line":19,"column":28},"end":{"line":23,"column":1}},"line":19},"2":{"name":"(anonymous_2)","decl":{"start":{"line":25,"column":28},"end":{"line":25,"column":29}},"loc":{"start":{"line":25,"column":48},"end":{"line":441,"column":1}},"line":25},"3":{"name":"(anonymous_3)","decl":{"start":{"line":42,"column":6},"end":{"line":42,"column":7}},"loc":{"start":{"line":42,"column":13},"end":{"line":42,"column":56}},"line":42},"4":{"name":"(anonymous_4)","decl":{"start":{"line":46,"column":6},"end":{"line":46,"column":7}},"loc":{"start":{"line":46,"column":13},"end":{"line":46,"column":35}},"line":46},"5":{"name":"(anonymous_5)","decl":{"start":{"line":50,"column":6},"end":{"line":50,"column":7}},"loc":{"start":{"line":51,"column":8},"end":{"line":52,"column":30}},"line":51},"6":{"name":"(anonymous_6)","decl":{"start":{"line":61,"column":15},"end":{"line":61,"column":16}},"loc":{"start":{"line":61,"column":26},"end":{"line":73,"column":1}},"line":61},"7":{"name":"getWeekKey","decl":{"start":{"line":78,"column":9},"end":{"line":78,"column":19}},"loc":{"start":{"line":78,"column":26},"end":{"line":92,"column":1}},"line":78},"8":{"name":"(anonymous_8)","decl":{"start":{"line":96,"column":15},"end":{"line":96,"column":16}},"loc":{"start":{"line":96,"column":26},"end":{"line":101,"column":1}},"line":96},"9":{"name":"(anonymous_9)","decl":{"start":{"line":109,"column":15},"end":{"line":109,"column":16}},"loc":{"start":{"line":109,"column":26},"end":{"line":127,"column":1}},"line":109},"10":{"name":"(anonymous_10)","decl":{"start":{"line":132,"column":6},"end":{"line":132,"column":7}},"loc":{"start":{"line":132,"column":27},"end":{"line":137,"column":1}},"line":132},"11":{"name":"(anonymous_11)","decl":{"start":{"line":145,"column":19},"end":{"line":145,"column":20}},"loc":{"start":{"line":145,"column":30},"end":{"line":149,"column":5}},"line":145},"12":{"name":"(anonymous_12)","decl":{"start":{"line":146,"column":33},"end":{"line":146,"column":34}},"loc":{"start":{"line":146,"column":42},"end":{"line":148,"column":7}},"line":146},"13":{"name":"(anonymous_13)","decl":{"start":{"line":152,"column":12},"end":{"line":152,"column":13}},"loc":{"start":{"line":152,"column":22},"end":{"line":152,"column":33}},"line":152},"14":{"name":"(anonymous_14)","decl":{"start":{"line":154,"column":11},"end":{"line":154,"column":12}},"loc":{"start":{"line":154,"column":31},"end":{"line":157,"column":7}},"line":154},"15":{"name":"(anonymous_15)","decl":{"start":{"line":165,"column":18},"end":{"line":165,"column":19}},"loc":{"start":{"line":165,"column":29},"end":{"line":170,"column":5}},"line":165},"16":{"name":"(anonymous_16)","decl":{"start":{"line":200,"column":11},"end":{"line":200,"column":12}},"loc":{"start":{"line":200,"column":18},"end":{"line":200,"column":40}},"line":200},"17":{"name":"(anonymous_17)","decl":{"start":{"line":201,"column":14},"end":{"line":201,"column":15}},"loc":{"start":{"line":201,"column":21},"end":{"line":201,"column":31}},"line":201},"18":{"name":"(anonymous_18)","decl":{"start":{"line":226,"column":21},"end":{"line":226,"column":22}},"loc":{"start":{"line":226,"column":34},"end":{"line":233,"column":5}},"line":226},"19":{"name":"(anonymous_19)","decl":{"start":{"line":245,"column":23},"end":{"line":245,"column":24}},"loc":{"start":{"line":246,"column":12},"end":{"line":246,"column":43}},"line":246},"20":{"name":"(anonymous_20)","decl":{"start":{"line":281,"column":9},"end":{"line":281,"column":10}},"loc":{"start":{"line":281,"column":14},"end":{"line":281,"column":36}},"line":281},"21":{"name":"(anonymous_21)","decl":{"start":{"line":282,"column":12},"end":{"line":282,"column":13}},"loc":{"start":{"line":282,"column":17},"end":{"line":282,"column":27}},"line":282},"22":{"name":"(anonymous_22)","decl":{"start":{"line":299,"column":14},"end":{"line":299,"column":15}},"loc":{"start":{"line":299,"column":26},"end":{"line":299,"column":46}},"line":299},"23":{"name":"(anonymous_23)","decl":{"start":{"line":337,"column":8},"end":{"line":337,"column":9}},"loc":{"start":{"line":337,"column":15},"end":{"line":337,"column":24}},"line":337},"24":{"name":"(anonymous_24)","decl":{"start":{"line":395,"column":47},"end":{"line":395,"column":48}},"loc":{"start":{"line":395,"column":68},"end":{"line":398,"column":7}},"line":395},"25":{"name":"(anonymous_25)","decl":{"start":{"line":404,"column":10},"end":{"line":404,"column":11}},"loc":{"start":{"line":405,"column":12},"end":{"line":405,"column":47}},"line":405},"26":{"name":"(anonymous_26)","decl":{"start":{"line":407,"column":13},"end":{"line":407,"column":14}},"loc":{"start":{"line":407,"column":34},"end":{"line":410,"column":9}},"line":407},"27":{"name":"(anonymous_27)","decl":{"start":{"line":417,"column":5},"end":{"line":417,"column":6}},"loc":{"start":{"line":417,"column":24},"end":{"line":420,"column":1}},"line":417},"28":{"name":"(anonymous_28)","decl":{"start":{"line":425,"column":5},"end":{"line":425,"column":6}},"loc":{"start":{"line":425,"column":25},"end":{"line":428,"column":1}},"line":425}},"branchMap":{"0":{"loc":{"start":{"line":5,"column":2},"end":{"line":5,"column":26}},"type":"if","locations":[{"start":{"line":5,"column":2},"end":{"line":5,"column":26}},{"start":{},"end":{}}],"line":5},"1":{"loc":{"start":{"line":8,"column":2},"end":{"line":14,"column":3}},"type":"if","locations":[{"start":{"line":8,"column":2},"end":{"line":14,"column":3}},{"start":{},"end":{}}],"line":8},"2":{"loc":{"start":{"line":11,"column":4},"end":{"line":13,"column":5}},"type":"if","locations":[{"start":{"line":11,"column":4},"end":{"line":13,"column":5}},{"start":{},"end":{}}],"line":11},"3":{"loc":{"start":{"line":20,"column":2},"end":{"line":20,"column":30}},"type":"if","locations":[{"start":{"line":20,"column":2},"end":{"line":20,"column":30}},{"start":{},"end":{}}],"line":20},"4":{"loc":{"start":{"line":42,"column":13},"end":{"line":42,"column":56}},"type":"binary-expr","locations":[{"start":{"line":42,"column":13},"end":{"line":42,"column":32}},{"start":{"line":42,"column":36},"end":{"line":42,"column":56}}],"line":42},"5":{"loc":{"start":{"line":51,"column":8},"end":{"line":52,"column":30}},"type":"binary-expr","locations":[{"start":{"line":51,"column":9},"end":{"line":51,"column":28}},{"start":{"line":51,"column":32},"end":{"line":51,"column":52}},{"start":{"line":52,"column":8},"end":{"line":52,"column":30}}],"line":51},"6":{"loc":{"start":{"line":71,"column":5},"end":{"line":71,"column":32}},"type":"binary-expr","locations":[{"start":{"line":71,"column":5},"end":{"line":71,"column":27}},{"start":{"line":71,"column":31},"end":{"line":71,"column":32}}],"line":71},"7":{"loc":{"start":{"line":82,"column":4},"end":{"line":84,"column":27}},"type":"cond-expr","locations":[{"start":{"line":83,"column":8},"end":{"line":83,"column":10}},{"start":{"line":84,"column":8},"end":{"line":84,"column":27}}],"line":82},"8":{"loc":{"start":{"line":100,"column":5},"end":{"line":100,"column":27}},"type":"binary-expr","locations":[{"start":{"line":100,"column":5},"end":{"line":100,"column":22}},{"start":{"line":100,"column":26},"end":{"line":100,"column":27}}],"line":100},"9":{"loc":{"start":{"line":112,"column":2},"end":{"line":117,"column":3}},"type":"if","locations":[{"start":{"line":112,"column":2},"end":{"line":117,"column":3}},{"start":{},"end":{}}],"line":112},"10":{"loc":{"start":{"line":121,"column":2},"end":{"line":126,"column":3}},"type":"if","locations":[{"start":{"line":121,"column":2},"end":{"line":126,"column":3}},{"start":{},"end":{}}],"line":121},"11":{"loc":{"start":{"line":122,"column":4},"end":{"line":123,"column":28}},"type":"binary-expr","locations":[{"start":{"line":122,"column":4},"end":{"line":122,"column":27}},{"start":{"line":123,"column":4},"end":{"line":123,"column":28}}],"line":122},"12":{"loc":{"start":{"line":146,"column":7},"end":{"line":146,"column":23}},"type":"binary-expr","locations":[{"start":{"line":146,"column":7},"end":{"line":146,"column":17}},{"start":{"line":146,"column":21},"end":{"line":146,"column":23}}],"line":146},"13":{"loc":{"start":{"line":147,"column":21},"end":{"line":147,"column":35}},"type":"binary-expr","locations":[{"start":{"line":147,"column":21},"end":{"line":147,"column":30}},{"start":{"line":147,"column":34},"end":{"line":147,"column":35}}],"line":147},"14":{"loc":{"start":{"line":166,"column":6},"end":{"line":166,"column":31}},"type":"if","locations":[{"start":{"line":166,"column":6},"end":{"line":166,"column":31}},{"start":{},"end":{}}],"line":166},"15":{"loc":{"start":{"line":169,"column":9},"end":{"line":169,"column":44}},"type":"binary-expr","locations":[{"start":{"line":169,"column":9},"end":{"line":169,"column":39}},{"start":{"line":169,"column":43},"end":{"line":169,"column":44}}],"line":169},"16":{"loc":{"start":{"line":181,"column":2},"end":{"line":183,"column":3}},"type":"if","locations":[{"start":{"line":181,"column":2},"end":{"line":183,"column":3}},{"start":{},"end":{}}],"line":181},"17":{"loc":{"start":{"line":194,"column":4},"end":{"line":194,"column":48}},"type":"binary-expr","locations":[{"start":{"line":194,"column":4},"end":{"line":194,"column":42}},{"start":{"line":194,"column":46},"end":{"line":194,"column":48}}],"line":194},"18":{"loc":{"start":{"line":196,"column":2},"end":{"line":196,"column":42}},"type":"if","locations":[{"start":{"line":196,"column":2},"end":{"line":196,"column":42}},{"start":{},"end":{}}],"line":196},"19":{"loc":{"start":{"line":205,"column":2},"end":{"line":217,"column":3}},"type":"if","locations":[{"start":{"line":205,"column":2},"end":{"line":217,"column":3}},{"start":{},"end":{}}],"line":205},"20":{"loc":{"start":{"line":232,"column":9},"end":{"line":232,"column":32}},"type":"binary-expr","locations":[{"start":{"line":232,"column":9},"end":{"line":232,"column":27}},{"start":{"line":232,"column":31},"end":{"line":232,"column":32}}],"line":232},"21":{"loc":{"start":{"line":242,"column":4},"end":{"line":273,"column":5}},"type":"if","locations":[{"start":{"line":242,"column":4},"end":{"line":273,"column":5}},{"start":{},"end":{}}],"line":242},"22":{"loc":{"start":{"line":260,"column":8},"end":{"line":264,"column":9}},"type":"if","locations":[{"start":{"line":260,"column":8},"end":{"line":264,"column":9}},{"start":{"line":262,"column":15},"end":{"line":264,"column":9}}],"line":260},"23":{"loc":{"start":{"line":287,"column":2},"end":{"line":289,"column":9}},"type":"cond-expr","locations":[{"start":{"line":288,"column":6},"end":{"line":288,"column":39}},{"start":{"line":289,"column":6},"end":{"line":289,"column":9}}],"line":287},"24":{"loc":{"start":{"line":296,"column":6},"end":{"line":303,"column":11}},"type":"cond-expr","locations":[{"start":{"line":297,"column":10},"end":{"line":302,"column":22}},{"start":{"line":303,"column":10},"end":{"line":303,"column":11}}],"line":296},"25":{"loc":{"start":{"line":299,"column":33},"end":{"line":299,"column":45}},"type":"binary-expr","locations":[{"start":{"line":299,"column":33},"end":{"line":299,"column":40}},{"start":{"line":299,"column":44},"end":{"line":299,"column":45}}],"line":299},"26":{"loc":{"start":{"line":313,"column":0},"end":{"line":323,"column":1}},"type":"if","locations":[{"start":{"line":313,"column":0},"end":{"line":323,"column":1}},{"start":{},"end":{}}],"line":313},"27":{"loc":{"start":{"line":317,"column":2},"end":{"line":322,"column":3}},"type":"if","locations":[{"start":{"line":317,"column":2},"end":{"line":322,"column":3}},{"start":{},"end":{}}],"line":317},"28":{"loc":{"start":{"line":327,"column":0},"end":{"line":332,"column":1}},"type":"if","locations":[{"start":{"line":327,"column":0},"end":{"line":332,"column":1}},{"start":{},"end":{}}],"line":327},"29":{"loc":{"start":{"line":339,"column":0},"end":{"line":344,"column":1}},"type":"if","locations":[{"start":{"line":339,"column":0},"end":{"line":344,"column":1}},{"start":{},"end":{}}],"line":339},"30":{"loc":{"start":{"line":348,"column":0},"end":{"line":355,"column":1}},"type":"if","locations":[{"start":{"line":348,"column":0},"end":{"line":355,"column":1}},{"start":{},"end":{}}],"line":348},"31":{"loc":{"start":{"line":372,"column":18},"end":{"line":376,"column":13}},"type":"cond-expr","locations":[{"start":{"line":373,"column":12},"end":{"line":375,"column":13}},{"start":{"line":376,"column":12},"end":{"line":376,"column":13}}],"line":372},"32":{"loc":{"start":{"line":380,"column":24},"end":{"line":384,"column":13}},"type":"cond-expr","locations":[{"start":{"line":381,"column":12},"end":{"line":383,"column":13}},{"start":{"line":384,"column":12},"end":{"line":384,"column":13}}],"line":380}},"s":{"0":0,"1":0,"2":0,"3":0,"4":0,"5":0,"6":0,"7":0,"8":0,"9":0,"10":4,"11":0,"12":0,"13":0,"14":0,"15":0,"16":0,"17":0,"18":0,"19":0,"20":0,"21":0,"22":0,"23":0,"24":0,"25":0,"26":0,"27":0,"28":0,"29":0,"30":0,"31":0,"32":0,"33":0,"34":0,"35":0,"36":0,"37":0,"38":0,"39":0,"40":0,"41":0,"42":0,"43":0,"44":0,"45":0,"46":0,"47":0,"48":0,"49":0,"50":0,"51":0,"52":0,"53":0,"54":0,"55":0,"56":0,"57":0,"58":0,"59":0,"60":0,"61":0,"62":0,"63":0,"64":0,"65":0,"66":0,"67":0,"68":0,"69":0,"70":0,"71":0,"72":0,"73":0,"74":0,"75":0,"76":0,"77":0,"78":0,"79":0,"80":0,"81":0,"82":0,"83":0,"84":0,"85":0,"86":0,"87":0,"88":0,"89":0,"90":0,"91":0,"92":0,"93":0,"94":0,"95":0,"96":0,"97":0,"98":0,"99":0,"100":0,"101":0,"102":0,"103":0,"104":0,"105":0,"106":0,"107":0,"108":0,"109":0,"110":0,"111":0,"112":0,"113":0,"114":0,"115":0,"116":0,"117":0,"118":0,"119":0,"120":0,"121":0},"f":{"0":0,"1":0,"2":0,"3":0,"4":0,"5":0,"6":0,"7":0,"8":0,"9":0,"10":0,"11":0,"12":0,"13":0,"14":0,"15":0,"16":0,"17":0,"18":0,"19":0,"20":0,"21":0,"22":0,"23":0,"24":0,"25":0,"26":0,"27":0,"28":0},"b":{"0":[0,0],"1":[0,0],"2":[0,0],"3":[0,0],"4":[0,0],"5":[0,0,0],"6":[0,0],"7":[0,0],"8":[0,0],"9":[0,0],"10":[0,0],"11":[0,0],"12":[0,0],"13":[0,0],"14":[0,0],"15":[0,0],"16":[0,0],"17":[0,0],"18":[0,0],"19":[0,0],"20":[0,0],"21":[0,0],"22":[0,0],"23":[0,0],"24":[0,0],"25":[0,0],"26":[0,0],"27":[0,0],"28":[0,0],"29":[0,0],"30":[0,0],"31":[0,0],"32":[0,0]},"_coverageSchema":"1a1c01bbd47fc00a2c39e90264f33305004495a9","hash":"c9ba632d14e39781b6b65e2dc87a425b967fa718"}
,"/Users/ashlygenao/scale/server/controllers/authController.js": {"path":"/Users/ashlygenao/scale/server/controllers/authController.js","statementMap":{"0":{"start":{"line":4,"column":28},"end":{"line":45,"column":1}},"1":{"start":{"line":5,"column":2},"end":{"line":44,"column":3}},"2":{"start":{"line":6,"column":42},"end":{"line":6,"column":50}},"3":{"start":{"line":8,"column":25},"end":{"line":8,"column":54}},"4":{"start":{"line":10,"column":4},"end":{"line":12,"column":5}},"5":{"start":{"line":11,"column":6},"end":{"line":11,"column":70}},"6":{"start":{"line":14,"column":17},"end":{"line":14,"column":41}},"7":{"start":{"line":15,"column":25},"end":{"line":15,"column":58}},"8":{"start":{"line":17,"column":4},"end":{"line":19,"column":5}},"9":{"start":{"line":18,"column":6},"end":{"line":18,"column":74}},"10":{"start":{"line":21,"column":17},"end":{"line":25,"column":6}},"11":{"start":{"line":28,"column":18},"end":{"line":31,"column":5}},"12":{"start":{"line":33,"column":4},"end":{"line":41,"column":7}},"13":{"start":{"line":43,"column":4},"end":{"line":43,"column":54}},"14":{"start":{"line":47,"column":25},"end":{"line":80,"column":1}},"15":{"start":{"line":48,"column":2},"end":{"line":79,"column":3}},"16":{"start":{"line":49,"column":32},"end":{"line":49,"column":40}},"17":{"start":{"line":51,"column":17},"end":{"line":51,"column":46}},"18":{"start":{"line":53,"column":4},"end":{"line":55,"column":5}},"19":{"start":{"line":54,"column":6},"end":{"line":54,"column":70}},"20":{"start":{"line":57,"column":20},"end":{"line":57,"column":69}},"21":{"start":{"line":59,"column":4},"end":{"line":61,"column":5}},"22":{"start":{"line":60,"column":6},"end":{"line":60,"column":70}},"23":{"start":{"line":63,"column":18},"end":{"line":67,"column":5}},"24":{"start":{"line":69,"column":4},"end":{"line":76,"column":7}},"25":{"start":{"line":78,"column":4},"end":{"line":78,"column":54}}},"fnMap":{"0":{"name":"(anonymous_0)","decl":{"start":{"line":4,"column":28},"end":{"line":4,"column":29}},"loc":{"start":{"line":4,"column":48},"end":{"line":45,"column":1}},"line":4},"1":{"name":"(anonymous_1)","decl":{"start":{"line":47,"column":25},"end":{"line":47,"column":26}},"loc":{"start":{"line":47,"column":45},"end":{"line":80,"column":1}},"line":47}},"branchMap":{"0":{"loc":{"start":{"line":10,"column":4},"end":{"line":12,"column":5}},"type":"if","locations":[{"start":{"line":10,"column":4},"end":{"line":12,"column":5}},{"start":{},"end":{}}],"line":10},"1":{"loc":{"start":{"line":17,"column":4},"end":{"line":19,"column":5}},"type":"if","locations":[{"start":{"line":17,"column":4},"end":{"line":19,"column":5}},{"start":{},"end":{}}],"line":17},"2":{"loc":{"start":{"line":17,"column":8},"end":{"line":17,"column":40}},"type":"binary-expr","locations":[{"start":{"line":17,"column":8},"end":{"line":17,"column":17}},{"start":{"line":17,"column":21},"end":{"line":17,"column":27}},{"start":{"line":17,"column":31},"end":{"line":17,"column":40}}],"line":17},"3":{"loc":{"start":{"line":53,"column":4},"end":{"line":55,"column":5}},"type":"if","locations":[{"start":{"line":53,"column":4},"end":{"line":55,"column":5}},{"start":{},"end":{}}],"line":53},"4":{"loc":{"start":{"line":59,"column":4},"end":{"line":61,"column":5}},"type":"if","locations":[{"start":{"line":59,"column":4},"end":{"line":61,"column":5}},{"start":{},"end":{}}],"line":59}},"s":{"0":4,"1":1,"2":1,"3":1,"4":1,"5":0,"6":1,"7":1,"8":1,"9":0,"10":1,"11":1,"12":1,"13":0,"14":4,"15":2,"16":2,"17":2,"18":2,"19":0,"20":2,"21":2,"22":1,"23":1,"24":1,"25":0},"f":{"0":1,"1":2},"b":{"0":[0,1],"1":[0,1],"2":[1,1,1],"3":[0,2],"4":[1,1]},"_coverageSchema":"1a1c01bbd47fc00a2c39e90264f33305004495a9","hash":"d356c93020dfc37c0da2e209fecf60a79bc81d5e"}
,"/Users/ashlygenao/scale/server/controllers/climbController.js": {"path":"/Users/ashlygenao/scale/server/controllers/climbController.js","statementMap":{"0":{"start":{"line":7,"column":27},"end":{"line":61,"column":1}},"1":{"start":{"line":8,"column":2},"end":{"line":60,"column":3}},"2":{"start":{"line":9,"column":26},"end":{"line":9,"column":36}},"3":{"start":{"line":11,"column":20},"end":{"line":11,"column":53}},"4":{"start":{"line":13,"column":4},"end":{"line":17,"column":5}},"5":{"start":{"line":14,"column":6},"end":{"line":16,"column":9}},"6":{"start":{"line":19,"column":4},"end":{"line":23,"column":5}},"7":{"start":{"line":20,"column":6},"end":{"line":22,"column":9}},"8":{"start":{"line":34,"column":8},"end":{"line":34,"column":16}},"9":{"start":{"line":37,"column":18},"end":{"line":49,"column":6}},"10":{"start":{"line":51,"column":4},"end":{"line":54,"column":7}},"11":{"start":{"line":57,"column":4},"end":{"line":59,"column":7}},"12":{"start":{"line":66,"column":25},"end":{"line":94,"column":1}},"13":{"start":{"line":67,"column":2},"end":{"line":93,"column":3}},"14":{"start":{"line":68,"column":26},"end":{"line":68,"column":36}},"15":{"start":{"line":70,"column":20},"end":{"line":70,"column":53}},"16":{"start":{"line":72,"column":4},"end":{"line":74,"column":5}},"17":{"start":{"line":73,"column":6},"end":{"line":73,"column":68}},"18":{"start":{"line":76,"column":4},"end":{"line":78,"column":5}},"19":{"start":{"line":77,"column":6},"end":{"line":77,"column":63}},"20":{"start":{"line":80,"column":19},"end":{"line":83,"column":30}},"21":{"start":{"line":85,"column":4},"end":{"line":88,"column":7}},"22":{"start":{"line":90,"column":4},"end":{"line":92,"column":7}},"23":{"start":{"line":99,"column":27},"end":{"line":112,"column":1}},"24":{"start":{"line":100,"column":2},"end":{"line":111,"column":3}},"25":{"start":{"line":101,"column":23},"end":{"line":104,"column":30}},"26":{"start":{"line":106,"column":4},"end":{"line":106,"column":27}},"27":{"start":{"line":108,"column":4},"end":{"line":110,"column":7}},"28":{"start":{"line":117,"column":36},"end":{"line":131,"column":1}},"29":{"start":{"line":118,"column":2},"end":{"line":130,"column":3}},"30":{"start":{"line":119,"column":21},"end":{"line":123,"column":30}},"31":{"start":{"line":125,"column":4},"end":{"line":125,"column":27}},"32":{"start":{"line":127,"column":4},"end":{"line":129,"column":7}},"33":{"start":{"line":136,"column":27},"end":{"line":161,"column":1}},"34":{"start":{"line":137,"column":2},"end":{"line":160,"column":3}},"35":{"start":{"line":138,"column":25},"end":{"line":152,"column":5}},"36":{"start":{"line":154,"column":4},"end":{"line":154,"column":27}},"37":{"start":{"line":157,"column":4},"end":{"line":159,"column":7}},"38":{"start":{"line":164,"column":27},"end":{"line":191,"column":1}},"39":{"start":{"line":165,"column":2},"end":{"line":190,"column":3}},"40":{"start":{"line":166,"column":18},"end":{"line":166,"column":53}},"41":{"start":{"line":168,"column":4},"end":{"line":172,"column":5}},"42":{"start":{"line":169,"column":6},"end":{"line":171,"column":9}},"43":{"start":{"line":174,"column":4},"end":{"line":178,"column":5}},"44":{"start":{"line":175,"column":6},"end":{"line":177,"column":9}},"45":{"start":{"line":180,"column":4},"end":{"line":180,"column":28}},"46":{"start":{"line":182,"column":4},"end":{"line":184,"column":7}},"47":{"start":{"line":187,"column":4},"end":{"line":189,"column":7}},"48":{"start":{"line":196,"column":28},"end":{"line":220,"column":1}},"49":{"start":{"line":197,"column":2},"end":{"line":219,"column":3}},"50":{"start":{"line":198,"column":18},"end":{"line":198,"column":53}},"51":{"start":{"line":200,"column":4},"end":{"line":204,"column":5}},"52":{"start":{"line":201,"column":6},"end":{"line":203,"column":9}},"53":{"start":{"line":207,"column":4},"end":{"line":211,"column":5}},"54":{"start":{"line":208,"column":6},"end":{"line":210,"column":9}},"55":{"start":{"line":213,"column":4},"end":{"line":213,"column":20}},"56":{"start":{"line":216,"column":4},"end":{"line":218,"column":7}}},"fnMap":{"0":{"name":"(anonymous_0)","decl":{"start":{"line":7,"column":27},"end":{"line":7,"column":28}},"loc":{"start":{"line":7,"column":47},"end":{"line":61,"column":1}},"line":7},"1":{"name":"(anonymous_1)","decl":{"start":{"line":66,"column":25},"end":{"line":66,"column":26}},"loc":{"start":{"line":66,"column":45},"end":{"line":94,"column":1}},"line":66},"2":{"name":"(anonymous_2)","decl":{"start":{"line":99,"column":27},"end":{"line":99,"column":28}},"loc":{"start":{"line":99,"column":47},"end":{"line":112,"column":1}},"line":99},"3":{"name":"(anonymous_3)","decl":{"start":{"line":117,"column":36},"end":{"line":117,"column":37}},"loc":{"start":{"line":117,"column":56},"end":{"line":131,"column":1}},"line":117},"4":{"name":"(anonymous_4)","decl":{"start":{"line":136,"column":27},"end":{"line":136,"column":28}},"loc":{"start":{"line":136,"column":47},"end":{"line":161,"column":1}},"line":136},"5":{"name":"(anonymous_5)","decl":{"start":{"line":164,"column":27},"end":{"line":164,"column":28}},"loc":{"start":{"line":164,"column":47},"end":{"line":191,"column":1}},"line":164},"6":{"name":"(anonymous_6)","decl":{"start":{"line":196,"column":28},"end":{"line":196,"column":29}},"loc":{"start":{"line":196,"column":48},"end":{"line":220,"column":1}},"line":196}},"branchMap":{"0":{"loc":{"start":{"line":13,"column":4},"end":{"line":17,"column":5}},"type":"if","locations":[{"start":{"line":13,"column":4},"end":{"line":17,"column":5}},{"start":{},"end":{}}],"line":13},"1":{"loc":{"start":{"line":19,"column":4},"end":{"line":23,"column":5}},"type":"if","locations":[{"start":{"line":19,"column":4},"end":{"line":23,"column":5}},{"start":{},"end":{}}],"line":19},"2":{"loc":{"start":{"line":28,"column":6},"end":{"line":28,"column":22}},"type":"default-arg","locations":[{"start":{"line":28,"column":13},"end":{"line":28,"column":22}}],"line":28},"3":{"loc":{"start":{"line":29,"column":6},"end":{"line":29,"column":24}},"type":"default-arg","locations":[{"start":{"line":29,"column":15},"end":{"line":29,"column":24}}],"line":29},"4":{"loc":{"start":{"line":30,"column":6},"end":{"line":30,"column":15}},"type":"default-arg","locations":[{"start":{"line":30,"column":14},"end":{"line":30,"column":15}}],"line":30},"5":{"loc":{"start":{"line":31,"column":6},"end":{"line":31,"column":16}},"type":"default-arg","locations":[{"start":{"line":31,"column":14},"end":{"line":31,"column":16}}],"line":31},"6":{"loc":{"start":{"line":32,"column":6},"end":{"line":32,"column":15}},"type":"default-arg","locations":[{"start":{"line":32,"column":13},"end":{"line":32,"column":15}}],"line":32},"7":{"loc":{"start":{"line":44,"column":14},"end":{"line":44,"column":57}},"type":"cond-expr","locations":[{"start":{"line":44,"column":37},"end":{"line":44,"column":46}},{"start":{"line":44,"column":49},"end":{"line":44,"column":57}}],"line":44},"8":{"loc":{"start":{"line":72,"column":4},"end":{"line":74,"column":5}},"type":"if","locations":[{"start":{"line":72,"column":4},"end":{"line":74,"column":5}},{"start":{},"end":{}}],"line":72},"9":{"loc":{"start":{"line":76,"column":4},"end":{"line":78,"column":5}},"type":"if","locations":[{"start":{"line":76,"column":4},"end":{"line":78,"column":5}},{"start":{},"end":{}}],"line":76},"10":{"loc":{"start":{"line":168,"column":4},"end":{"line":172,"column":5}},"type":"if","locations":[{"start":{"line":168,"column":4},"end":{"line":172,"column":5}},{"start":{},"end":{}}],"line":168},"11":{"loc":{"start":{"line":174,"column":4},"end":{"line":178,"column":5}},"type":"if","locations":[{"start":{"line":174,"column":4},"end":{"line":178,"column":5}},{"start":{},"end":{}}],"line":174},"12":{"loc":{"start":{"line":200,"column":4},"end":{"line":204,"column":5}},"type":"if","locations":[{"start":{"line":200,"column":4},"end":{"line":204,"column":5}},{"start":{},"end":{}}],"line":200},"13":{"loc":{"start":{"line":207,"column":4},"end":{"line":211,"column":5}},"type":"if","locations":[{"start":{"line":207,"column":4},"end":{"line":211,"column":5}},{"start":{},"end":{}}],"line":207}},"s":{"0":4,"1":1,"2":1,"3":1,"4":1,"5":0,"6":1,"7":0,"8":1,"9":1,"10":1,"11":0,"12":4,"13":1,"14":1,"15":1,"16":1,"17":0,"18":1,"19":0,"20":1,"21":1,"22":0,"23":4,"24":0,"25":0,"26":0,"27":0,"28":4,"29":0,"30":0,"31":0,"32":0,"33":4,"34":0,"35":0,"36":0,"37":0,"38":4,"39":0,"40":0,"41":0,"42":0,"43":0,"44":0,"45":0,"46":0,"47":0,"48":4,"49":0,"50":0,"51":0,"52":0,"53":0,"54":0,"55":0,"56":0},"f":{"0":1,"1":1,"2":0,"3":0,"4":0,"5":0,"6":0},"b":{"0":[0,1],"1":[0,1],"2":[0],"3":[0],"4":[0],"5":[0],"6":[1],"7":[0,1],"8":[0,1],"9":[0,1],"10":[0,0],"11":[0,0],"12":[0,0],"13":[0,0]},"_coverageSchema":"1a1c01bbd47fc00a2c39e90264f33305004495a9","hash":"5b64f96d9b2f499bf86755fbc8a295d2c56559dc"}
,"/Users/ashlygenao/scale/server/controllers/dashboardController.js": {"path":"/Users/ashlygenao/scale/server/controllers/dashboardController.js","statementMap":{"0":{"start":{"line":5,"column":12},"end":{"line":5,"column":26}},"1":{"start":{"line":6,"column":14},"end":{"line":6,"column":24}},"2":{"start":{"line":7,"column":15},"end":{"line":7,"column":41}},"3":{"start":{"line":9,"column":2},"end":{"line":9,"column":32}},"4":{"start":{"line":10,"column":2},"end":{"line":10,"column":25}},"5":{"start":{"line":12,"column":2},"end":{"line":12,"column":11}},"6":{"start":{"line":15,"column":28},"end":{"line":101,"column":1}},"7":{"start":{"line":17,"column":2},"end":{"line":100,"column":3}},"8":{"start":{"line":19,"column":19},"end":{"line":19,"column":30}},"9":{"start":{"line":21,"column":21},"end":{"line":23,"column":25}},"10":{"start":{"line":25,"column":19},"end":{"line":27,"column":30}},"11":{"start":{"line":29,"column":22},"end":{"line":29,"column":36}},"12":{"start":{"line":31,"column":29},"end":{"line":33,"column":5}},"13":{"start":{"line":32,"column":11},"end":{"line":32,"column":40}},"14":{"start":{"line":35,"column":27},"end":{"line":37,"column":5}},"15":{"start":{"line":36,"column":11},"end":{"line":36,"column":45}},"16":{"start":{"line":39,"column":18},"end":{"line":43,"column":5}},"17":{"start":{"line":41,"column":8},"end":{"line":42,"column":28}},"18":{"start":{"line":45,"column":20},"end":{"line":51,"column":10}},"19":{"start":{"line":46,"column":20},"end":{"line":48,"column":7}},"20":{"start":{"line":50,"column":6},"end":{"line":50,"column":41}},"21":{"start":{"line":53,"column":18},"end":{"line":56,"column":10}},"22":{"start":{"line":54,"column":18},"end":{"line":54,"column":41}},"23":{"start":{"line":58,"column":21},"end":{"line":77,"column":2}},"24":{"start":{"line":59,"column":15},"end":{"line":59,"column":25}},"25":{"start":{"line":60,"column":2},"end":{"line":60,"column":41}},"26":{"start":{"line":62,"column":22},"end":{"line":64,"column":3}},"27":{"start":{"line":63,"column":9},"end":{"line":63,"column":64}},"28":{"start":{"line":66,"column":14},"end":{"line":69,"column":8}},"29":{"start":{"line":67,"column":16},"end":{"line":67,"column":39}},"30":{"start":{"line":71,"column":2},"end":{"line":76,"column":4}},"31":{"start":{"line":79,"column":4},"end":{"line":95,"column":7}},"32":{"start":{"line":93,"column":21},"end":{"line":93,"column":43}},"33":{"start":{"line":97,"column":4},"end":{"line":99,"column":7}}},"fnMap":{"0":{"name":"getWeekStart","decl":{"start":{"line":4,"column":9},"end":{"line":4,"column":21}},"loc":{"start":{"line":4,"column":41},"end":{"line":13,"column":1}},"line":4},"1":{"name":"(anonymous_1)","decl":{"start":{"line":15,"column":28},"end":{"line":15,"column":29}},"loc":{"start":{"line":15,"column":48},"end":{"line":101,"column":1}},"line":15},"2":{"name":"(anonymous_2)","decl":{"start":{"line":32,"column":6},"end":{"line":32,"column":7}},"loc":{"start":{"line":32,"column":11},"end":{"line":32,"column":40}},"line":32},"3":{"name":"(anonymous_3)","decl":{"start":{"line":36,"column":6},"end":{"line":36,"column":7}},"loc":{"start":{"line":36,"column":11},"end":{"line":36,"column":45}},"line":36},"4":{"name":"(anonymous_4)","decl":{"start":{"line":40,"column":6},"end":{"line":40,"column":7}},"loc":{"start":{"line":41,"column":8},"end":{"line":42,"column":28}},"line":41},"5":{"name":"(anonymous_5)","decl":{"start":{"line":45,"column":33},"end":{"line":45,"column":34}},"loc":{"start":{"line":45,"column":50},"end":{"line":51,"column":5}},"line":45},"6":{"name":"(anonymous_6)","decl":{"start":{"line":54,"column":6},"end":{"line":54,"column":7}},"loc":{"start":{"line":54,"column":18},"end":{"line":54,"column":41}},"line":54},"7":{"name":"(anonymous_7)","decl":{"start":{"line":58,"column":47},"end":{"line":58,"column":48}},"loc":{"start":{"line":58,"column":57},"end":{"line":77,"column":1}},"line":58},"8":{"name":"(anonymous_8)","decl":{"start":{"line":63,"column":4},"end":{"line":63,"column":5}},"loc":{"start":{"line":63,"column":9},"end":{"line":63,"column":64}},"line":63},"9":{"name":"(anonymous_9)","decl":{"start":{"line":67,"column":4},"end":{"line":67,"column":5}},"loc":{"start":{"line":67,"column":16},"end":{"line":67,"column":39}},"line":67},"10":{"name":"(anonymous_10)","decl":{"start":{"line":93,"column":16},"end":{"line":93,"column":17}},"loc":{"start":{"line":93,"column":21},"end":{"line":93,"column":43}},"line":93}},"branchMap":{"0":{"loc":{"start":{"line":4,"column":22},"end":{"line":4,"column":39}},"type":"default-arg","locations":[{"start":{"line":4,"column":29},"end":{"line":4,"column":39}}],"line":4},"1":{"loc":{"start":{"line":7,"column":16},"end":{"line":7,"column":34}},"type":"cond-expr","locations":[{"start":{"line":7,"column":28},"end":{"line":7,"column":30}},{"start":{"line":7,"column":33},"end":{"line":7,"column":34}}],"line":7},"2":{"loc":{"start":{"line":41,"column":8},"end":{"line":42,"column":28}},"type":"binary-expr","locations":[{"start":{"line":41,"column":8},"end":{"line":41,"column":27}},{"start":{"line":42,"column":8},"end":{"line":42,"column":28}}],"line":41},"3":{"loc":{"start":{"line":50,"column":13},"end":{"line":50,"column":40}},"type":"cond-expr","locations":[{"start":{"line":50,"column":28},"end":{"line":50,"column":33}},{"start":{"line":50,"column":36},"end":{"line":50,"column":40}}],"line":50},"4":{"loc":{"start":{"line":54,"column":25},"end":{"line":54,"column":40}},"type":"binary-expr","locations":[{"start":{"line":54,"column":25},"end":{"line":54,"column":35}},{"start":{"line":54,"column":39},"end":{"line":54,"column":40}}],"line":54},"5":{"loc":{"start":{"line":67,"column":23},"end":{"line":67,"column":38}},"type":"binary-expr","locations":[{"start":{"line":67,"column":23},"end":{"line":67,"column":33}},{"start":{"line":67,"column":37},"end":{"line":67,"column":38}}],"line":67},"6":{"loc":{"start":{"line":85,"column":10},"end":{"line":85,"column":44}},"type":"cond-expr","locations":[{"start":{"line":85,"column":25},"end":{"line":85,"column":38}},{"start":{"line":85,"column":41},"end":{"line":85,"column":44}}],"line":85}},"s":{"0":1,"1":1,"2":1,"3":1,"4":1,"5":1,"6":4,"7":1,"8":1,"9":1,"10":1,"11":1,"12":1,"13":0,"14":1,"15":0,"16":1,"17":0,"18":1,"19":0,"20":0,"21":1,"22":0,"23":1,"24":7,"25":7,"26":7,"27":0,"28":7,"29":0,"30":7,"31":1,"32":0,"33":0},"f":{"0":1,"1":1,"2":0,"3":0,"4":0,"5":0,"6":0,"7":7,"8":0,"9":0,"10":0},"b":{"0":[1],"1":[0,1],"2":[0,0],"3":[0,0],"4":[0,0],"5":[0,0],"6":[0,1]},"_coverageSchema":"1a1c01bbd47fc00a2c39e90264f33305004495a9","hash":"b66e39aeb35c9e1f4c15a90628614aeffcf2f4c6"}
,"/Users/ashlygenao/scale/server/controllers/sessionController.js": {"path":"/Users/ashlygenao/scale/server/controllers/sessionController.js","statementMap":{"0":{"start":{"line":7,"column":29},"end":{"line":25,"column":1}},"1":{"start":{"line":8,"column":2},"end":{"line":24,"column":3}},"2":{"start":{"line":9,"column":48},"end":{"line":9,"column":56}},"3":{"start":{"line":11,"column":20},"end":{"line":17,"column":6}},"4":{"start":{"line":19,"column":4},"end":{"line":19,"column":34}},"5":{"start":{"line":21,"column":4},"end":{"line":23,"column":7}},"6":{"start":{"line":30,"column":27},"end":{"line":69,"column":1}},"7":{"start":{"line":31,"column":2},"end":{"line":68,"column":3}},"8":{"start":{"line":32,"column":21},"end":{"line":34,"column":25}},"9":{"start":{"line":36,"column":30},"end":{"line":60,"column":5}},"10":{"start":{"line":38,"column":23},"end":{"line":40,"column":10}},"11":{"start":{"line":42,"column":22},"end":{"line":44,"column":9}},"12":{"start":{"line":43,"column":21},"end":{"line":43,"column":44}},"13":{"start":{"line":46,"column":23},"end":{"line":48,"column":26}},"14":{"start":{"line":47,"column":26},"end":{"line":47,"column":37}},"15":{"start":{"line":50,"column":8},"end":{"line":58,"column":10}},"16":{"start":{"line":62,"column":4},"end":{"line":62,"column":32}},"17":{"start":{"line":65,"column":4},"end":{"line":67,"column":7}},"18":{"start":{"line":74,"column":26},"end":{"line":100,"column":1}},"19":{"start":{"line":75,"column":2},"end":{"line":99,"column":3}},"20":{"start":{"line":76,"column":20},"end":{"line":76,"column":57}},"21":{"start":{"line":78,"column":4},"end":{"line":82,"column":5}},"22":{"start":{"line":79,"column":6},"end":{"line":81,"column":9}},"23":{"start":{"line":84,"column":4},"end":{"line":88,"column":5}},"24":{"start":{"line":85,"column":6},"end":{"line":87,"column":9}},"25":{"start":{"line":90,"column":4},"end":{"line":93,"column":7}},"26":{"start":{"line":96,"column":4},"end":{"line":98,"column":7}},"27":{"start":{"line":105,"column":29},"end":{"line":139,"column":1}},"28":{"start":{"line":106,"column":2},"end":{"line":138,"column":3}},"29":{"start":{"line":107,"column":20},"end":{"line":107,"column":57}},"30":{"start":{"line":109,"column":4},"end":{"line":113,"column":5}},"31":{"start":{"line":110,"column":6},"end":{"line":112,"column":9}},"32":{"start":{"line":116,"column":4},"end":{"line":120,"column":5}},"33":{"start":{"line":117,"column":6},"end":{"line":119,"column":9}},"34":{"start":{"line":123,"column":4},"end":{"line":125,"column":7}},"35":{"start":{"line":128,"column":4},"end":{"line":128,"column":30}},"36":{"start":{"line":130,"column":4},"end":{"line":132,"column":7}},"37":{"start":{"line":135,"column":4},"end":{"line":137,"column":7}},"38":{"start":{"line":141,"column":29},"end":{"line":181,"column":1}},"39":{"start":{"line":142,"column":2},"end":{"line":180,"column":3}},"40":{"start":{"line":143,"column":20},"end":{"line":143,"column":57}},"41":{"start":{"line":145,"column":4},"end":{"line":149,"column":5}},"42":{"start":{"line":146,"column":6},"end":{"line":148,"column":9}},"43":{"start":{"line":152,"column":4},"end":{"line":156,"column":5}},"44":{"start":{"line":153,"column":6},"end":{"line":155,"column":9}},"45":{"start":{"line":158,"column":27},"end":{"line":169,"column":5}},"46":{"start":{"line":171,"column":4},"end":{"line":174,"column":7}},"47":{"start":{"line":177,"column":4},"end":{"line":179,"column":7}}},"fnMap":{"0":{"name":"(anonymous_0)","decl":{"start":{"line":7,"column":29},"end":{"line":7,"column":30}},"loc":{"start":{"line":7,"column":49},"end":{"line":25,"column":1}},"line":7},"1":{"name":"(anonymous_1)","decl":{"start":{"line":30,"column":27},"end":{"line":30,"column":28}},"loc":{"start":{"line":30,"column":47},"end":{"line":69,"column":1}},"line":30},"2":{"name":"(anonymous_2)","decl":{"start":{"line":37,"column":19},"end":{"line":37,"column":20}},"loc":{"start":{"line":37,"column":38},"end":{"line":59,"column":7}},"line":37},"3":{"name":"(anonymous_3)","decl":{"start":{"line":43,"column":10},"end":{"line":43,"column":11}},"loc":{"start":{"line":43,"column":21},"end":{"line":43,"column":44}},"line":43},"4":{"name":"(anonymous_4)","decl":{"start":{"line":47,"column":15},"end":{"line":47,"column":16}},"loc":{"start":{"line":47,"column":26},"end":{"line":47,"column":37}},"line":47},"5":{"name":"(anonymous_5)","decl":{"start":{"line":74,"column":26},"end":{"line":74,"column":27}},"loc":{"start":{"line":74,"column":46},"end":{"line":100,"column":1}},"line":74},"6":{"name":"(anonymous_6)","decl":{"start":{"line":105,"column":29},"end":{"line":105,"column":30}},"loc":{"start":{"line":105,"column":49},"end":{"line":139,"column":1}},"line":105},"7":{"name":"(anonymous_7)","decl":{"start":{"line":141,"column":29},"end":{"line":141,"column":30}},"loc":{"start":{"line":141,"column":49},"end":{"line":181,"column":1}},"line":141}},"branchMap":{"0":{"loc":{"start":{"line":55,"column":12},"end":{"line":57,"column":20}},"type":"cond-expr","locations":[{"start":{"line":56,"column":16},"end":{"line":56,"column":36}},{"start":{"line":57,"column":16},"end":{"line":57,"column":20}}],"line":55},"1":{"loc":{"start":{"line":78,"column":4},"end":{"line":82,"column":5}},"type":"if","locations":[{"start":{"line":78,"column":4},"end":{"line":82,"column":5}},{"start":{},"end":{}}],"line":78},"2":{"loc":{"start":{"line":84,"column":4},"end":{"line":88,"column":5}},"type":"if","locations":[{"start":{"line":84,"column":4},"end":{"line":88,"column":5}},{"start":{},"end":{}}],"line":84},"3":{"loc":{"start":{"line":109,"column":4},"end":{"line":113,"column":5}},"type":"if","locations":[{"start":{"line":109,"column":4},"end":{"line":113,"column":5}},{"start":{},"end":{}}],"line":109},"4":{"loc":{"start":{"line":116,"column":4},"end":{"line":120,"column":5}},"type":"if","locations":[{"start":{"line":116,"column":4},"end":{"line":120,"column":5}},{"start":{},"end":{}}],"line":116},"5":{"loc":{"start":{"line":145,"column":4},"end":{"line":149,"column":5}},"type":"if","locations":[{"start":{"line":145,"column":4},"end":{"line":149,"column":5}},{"start":{},"end":{}}],"line":145},"6":{"loc":{"start":{"line":152,"column":4},"end":{"line":156,"column":5}},"type":"if","locations":[{"start":{"line":152,"column":4},"end":{"line":156,"column":5}},{"start":{},"end":{}}],"line":152}},"s":{"0":4,"1":1,"2":1,"3":1,"4":1,"5":0,"6":4,"7":0,"8":0,"9":0,"10":0,"11":0,"12":0,"13":0,"14":0,"15":0,"16":0,"17":0,"18":4,"19":0,"20":0,"21":0,"22":0,"23":0,"24":0,"25":0,"26":0,"27":4,"28":0,"29":0,"30":0,"31":0,"32":0,"33":0,"34":0,"35":0,"36":0,"37":0,"38":4,"39":0,"40":0,"41":0,"42":0,"43":0,"44":0,"45":0,"46":0,"47":0},"f":{"0":1,"1":0,"2":0,"3":0,"4":0,"5":0,"6":0,"7":0},"b":{"0":[0,0],"1":[0,0],"2":[0,0],"3":[0,0],"4":[0,0],"5":[0,0],"6":[0,0]},"_coverageSchema":"1a1c01bbd47fc00a2c39e90264f33305004495a9","hash":"a02d4e92599456c7f6b611e5bcb9c96f7fef8eb3"}
,"/Users/ashlygenao/scale/server/middleware/authMiddleware.js": {"path":"/Users/ashlygenao/scale/server/middleware/authMiddleware.js","statementMap":{"0":{"start":{"line":3,"column":23},"end":{"line":23,"column":1}},"1":{"start":{"line":4,"column":2},"end":{"line":22,"column":3}},"2":{"start":{"line":5,"column":23},"end":{"line":5,"column":48}},"3":{"start":{"line":8,"column":4},"end":{"line":10,"column":5}},"4":{"start":{"line":9,"column":6},"end":{"line":9,"column":73}},"5":{"start":{"line":12,"column":18},"end":{"line":12,"column":42}},"6":{"start":{"line":14,"column":20},"end":{"line":14,"column":61}},"7":{"start":{"line":16,"column":4},"end":{"line":16,"column":23}},"8":{"start":{"line":18,"column":4},"end":{"line":18,"column":11}},"9":{"start":{"line":20,"column":4},"end":{"line":20,"column":45}},"10":{"start":{"line":21,"column":4},"end":{"line":21,"column":62}}},"fnMap":{"0":{"name":"(anonymous_0)","decl":{"start":{"line":3,"column":23},"end":{"line":3,"column":24}},"loc":{"start":{"line":3,"column":43},"end":{"line":23,"column":1}},"line":3}},"branchMap":{"0":{"loc":{"start":{"line":8,"column":4},"end":{"line":10,"column":5}},"type":"if","locations":[{"start":{"line":8,"column":4},"end":{"line":10,"column":5}},{"start":{},"end":{}}],"line":8},"1":{"loc":{"start":{"line":8,"column":8},"end":{"line":8,"column":56}},"type":"binary-expr","locations":[{"start":{"line":8,"column":8},"end":{"line":8,"column":19}},{"start":{"line":8,"column":23},"end":{"line":8,"column":56}}],"line":8}},"s":{"0":4,"1":5,"2":5,"3":5,"4":1,"5":4,"6":4,"7":4,"8":4,"9":0,"10":0},"f":{"0":5},"b":{"0":[1,4],"1":[5,4]},"_coverageSchema":"1a1c01bbd47fc00a2c39e90264f33305004495a9","hash":"e8a67ea6963875e2bcdcd52a3d497882c4d7dcb1"}
,"/Users/ashlygenao/scale/server/models/Climb.js": {"path":"/Users/ashlygenao/scale/server/models/Climb.js","statementMap":{"0":{"start":{"line":3,"column":20},"end":{"line":78,"column":1}},"1":{"start":{"line":80,"column":14},"end":{"line":80,"column":50}}},"fnMap":{},"branchMap":{},"s":{"0":4,"1":4},"f":{},"b":{},"_coverageSchema":"1a1c01bbd47fc00a2c39e90264f33305004495a9","hash":"5b4251ec5adddf5181bc6f2a72a32e848ae60345"}
,"/Users/ashlygenao/scale/server/models/Session.js": {"path":"/Users/ashlygenao/scale/server/models/Session.js","statementMap":{"0":{"start":{"line":3,"column":22},"end":{"line":34,"column":1}},"1":{"start":{"line":36,"column":16},"end":{"line":36,"column":56}}},"fnMap":{},"branchMap":{},"s":{"0":4,"1":4},"f":{},"b":{},"_coverageSchema":"1a1c01bbd47fc00a2c39e90264f33305004495a9","hash":"3c33939e4e820bda16936d50df6ec65577b9c275"}
,"/Users/ashlygenao/scale/server/models/User.js": {"path":"/Users/ashlygenao/scale/server/models/User.js","statementMap":{"0":{"start":{"line":3,"column":19},"end":{"line":22,"column":2}},"1":{"start":{"line":24,"column":13},"end":{"line":24,"column":47}}},"fnMap":{},"branchMap":{},"s":{"0":4,"1":4},"f":{},"b":{},"_coverageSchema":"1a1c01bbd47fc00a2c39e90264f33305004495a9","hash":"5f5b1cf2ac7ed41f0ec7e20cb5772b2d164d7ade"}
,"/Users/ashlygenao/scale/server/routes/analyticsRoutes.js": {"path":"/Users/ashlygenao/scale/server/routes/analyticsRoutes.js","statementMap":{"0":{"start":{"line":6,"column":15},"end":{"line":6,"column":31}},"1":{"start":{"line":9,"column":0},"end":{"line":9,"column":39}}},"fnMap":{},"branchMap":{},"s":{"0":4,"1":4},"f":{},"b":{},"_coverageSchema":"1a1c01bbd47fc00a2c39e90264f33305004495a9","hash":"59a9fb7f61ac73f444450540ff61df0036391463"}
,"/Users/ashlygenao/scale/server/routes/authRoutes.js": {"path":"/Users/ashlygenao/scale/server/routes/authRoutes.js","statementMap":{"0":{"start":{"line":8,"column":15},"end":{"line":8,"column":31}},"1":{"start":{"line":10,"column":0},"end":{"line":10,"column":39}},"2":{"start":{"line":11,"column":0},"end":{"line":11,"column":33}}},"fnMap":{},"branchMap":{},"s":{"0":4,"1":4,"2":4},"f":{},"b":{},"_coverageSchema":"1a1c01bbd47fc00a2c39e90264f33305004495a9","hash":"3f4ebbd1b38776121ac2901e33bb6839dd210754"}
,"/Users/ashlygenao/scale/server/routes/climbRoutes.js": {"path":"/Users/ashlygenao/scale/server/routes/climbRoutes.js","statementMap":{"0":{"start":{"line":14,"column":15},"end":{"line":14,"column":31}},"1":{"start":{"line":18,"column":0},"end":{"line":18,"column":46}},"2":{"start":{"line":19,"column":0},"end":{"line":19,"column":56}},"3":{"start":{"line":21,"column":0},"end":{"line":21,"column":48}},"4":{"start":{"line":22,"column":0},"end":{"line":22,"column":47}},"5":{"start":{"line":23,"column":0},"end":{"line":23,"column":50}},"6":{"start":{"line":26,"column":0},"end":{"line":26,"column":53}},"7":{"start":{"line":27,"column":0},"end":{"line":27,"column":42}},"8":{"start":{"line":28,"column":0},"end":{"line":28,"column":56}}},"fnMap":{},"branchMap":{},"s":{"0":4,"1":4,"2":4,"3":4,"4":4,"5":4,"6":4,"7":4,"8":4},"f":{},"b":{},"_coverageSchema":"1a1c01bbd47fc00a2c39e90264f33305004495a9","hash":"db8e43a86bdfac4ad023b499b2929f1962c13917"}
,"/Users/ashlygenao/scale/server/routes/dashboardRoutes.js": {"path":"/Users/ashlygenao/scale/server/routes/dashboardRoutes.js","statementMap":{"0":{"start":{"line":5,"column":15},"end":{"line":5,"column":31}},"1":{"start":{"line":7,"column":0},"end":{"line":14,"column":2}},"2":{"start":{"line":11,"column":4},"end":{"line":11,"column":11}}},"fnMap":{"0":{"name":"(anonymous_0)","decl":{"start":{"line":10,"column":2},"end":{"line":10,"column":3}},"loc":{"start":{"line":10,"column":22},"end":{"line":12,"column":3}},"line":10}},"branchMap":{},"s":{"0":4,"1":4,"2":1},"f":{"0":1},"b":{},"_coverageSchema":"1a1c01bbd47fc00a2c39e90264f33305004495a9","hash":"a0489105053baa4884608ba093592f9cf5c290ea"}
,"/Users/ashlygenao/scale/server/routes/sessionRoutes.js": {"path":"/Users/ashlygenao/scale/server/routes/sessionRoutes.js","statementMap":{"0":{"start":{"line":12,"column":15},"end":{"line":12,"column":31}},"1":{"start":{"line":15,"column":0},"end":{"line":17,"column":29}},"2":{"start":{"line":19,"column":0},"end":{"line":22,"column":31}}},"fnMap":{},"branchMap":{},"s":{"0":4,"1":4,"2":4},"f":{},"b":{},"_coverageSchema":"1a1c01bbd47fc00a2c39e90264f33305004495a9","hash":"f62e377b2283db81184798c0ad1d0e77c777c499"}
,"/Users/ashlygenao/scale/server/routes/userRoutes.js": {"path":"/Users/ashlygenao/scale/server/routes/userRoutes.js","statementMap":{"0":{"start":{"line":4,"column":15},"end":{"line":4,"column":31}},"1":{"start":{"line":6,"column":0},"end":{"line":11,"column":3}},"2":{"start":{"line":7,"column":2},"end":{"line":10,"column":5}}},"fnMap":{"0":{"name":"(anonymous_0)","decl":{"start":{"line":6,"column":27},"end":{"line":6,"column":28}},"loc":{"start":{"line":6,"column":41},"end":{"line":11,"column":1}},"line":6}},"branchMap":{},"s":{"0":4,"1":4,"2":0},"f":{"0":0},"b":{},"_coverageSchema":"1a1c01bbd47fc00a2c39e90264f33305004495a9","hash":"2d4885bd01b1097a51a27446d3a38a66b6c96665"}
,"/Users/ashlygenao/scale/server/tests/setup.js": {"path":"/Users/ashlygenao/scale/server/tests/setup.js","statementMap":{"0":{"start":{"line":7,"column":2},"end":{"line":7,"column":43}},"1":{"start":{"line":9,"column":2},"end":{"line":9,"column":41}},"2":{"start":{"line":13,"column":2},"end":{"line":13,"column":43}},"3":{"start":{"line":14,"column":2},"end":{"line":14,"column":36}},"4":{"start":{"line":16,"column":2},"end":{"line":16,"column":21}}},"fnMap":{"0":{"name":"connectTestDB","decl":{"start":{"line":6,"column":22},"end":{"line":6,"column":35}},"loc":{"start":{"line":6,"column":38},"end":{"line":10,"column":1}},"line":6},"1":{"name":"closeTestDB","decl":{"start":{"line":12,"column":22},"end":{"line":12,"column":33}},"loc":{"start":{"line":12,"column":36},"end":{"line":17,"column":1}},"line":12}},"branchMap":{},"s":{"0":3,"1":3,"2":3,"3":3,"4":3},"f":{"0":3,"1":3},"b":{},"_coverageSchema":"1a1c01bbd47fc00a2c39e90264f33305004495a9","hash":"8375151f10a65f4b2b79f47e7a9bd101f3d43d49"}
}
