TN:
SF:app.js
FN:23,(anonymous_0)
FN:34,(anonymous_1)
FNF:2
FNH:1
FNDA:1,(anonymous_0)
FNDA:0,(anonymous_1)
DA:11,4
DA:13,4
DA:21,4
DA:23,4
DA:24,1
DA:27,4
DA:28,4
DA:29,4
DA:30,4
DA:31,4
DA:32,4
DA:34,4
DA:35,0
LF:13
LH:12
BRF:0
BRH:0
end_of_record
TN:
SF:controllers/analyticsController.js
FN:4,gradeToNumber
FN:19,numberToGrade
FN:25,(anonymous_2)
FN:42,(anonymous_3)
FN:46,(anonymous_4)
FN:50,(anonymous_5)
FN:61,(anonymous_6)
FN:78,getWeekKey
FN:96,(anonymous_8)
FN:109,(anonymous_9)
FN:132,(anonymous_10)
FN:145,(anonymous_11)
FN:146,(anonymous_12)
FN:152,(anonymous_13)
FN:154,(anonymous_14)
FN:165,(anonymous_15)
FN:200,(anonymous_16)
FN:201,(anonymous_17)
FN:226,(anonymous_18)
FN:245,(anonymous_19)
FN:281,(anonymous_20)
FN:282,(anonymous_21)
FN:299,(anonymous_22)
FN:337,(anonymous_23)
FN:395,(anonymous_24)
FN:404,(anonymous_25)
FN:407,(anonymous_26)
FN:417,(anonymous_27)
FN:425,(anonymous_28)
FNF:29
FNH:0
FNDA:0,gradeToNumber
FNDA:0,numberToGrade
FNDA:0,(anonymous_2)
FNDA:0,(anonymous_3)
FNDA:0,(anonymous_4)
FNDA:0,(anonymous_5)
FNDA:0,(anonymous_6)
FNDA:0,getWeekKey
FNDA:0,(anonymous_8)
FNDA:0,(anonymous_9)
FNDA:0,(anonymous_10)
FNDA:0,(anonymous_11)
FNDA:0,(anonymous_12)
FNDA:0,(anonymous_13)
FNDA:0,(anonymous_14)
FNDA:0,(anonymous_15)
FNDA:0,(anonymous_16)
FNDA:0,(anonymous_17)
FNDA:0,(anonymous_18)
FNDA:0,(anonymous_19)
FNDA:0,(anonymous_20)
FNDA:0,(anonymous_21)
FNDA:0,(anonymous_22)
FNDA:0,(anonymous_23)
FNDA:0,(anonymous_24)
FNDA:0,(anonymous_25)
FNDA:0,(anonymous_26)
FNDA:0,(anonymous_27)
FNDA:0,(anonymous_28)
DA:5,0
DA:8,0
DA:9,0
DA:11,0
DA:12,0
DA:16,0
DA:20,0
DA:22,0
DA:25,4
DA:26,0
DA:27,0
DA:29,0
DA:33,0
DA:41,0
DA:42,0
DA:45,0
DA:46,0
DA:49,0
DA:51,0
DA:59,0
DA:61,0
DA:62,0
DA:64,0
DA:69,0
DA:79,0
DA:82,0
DA:86,0
DA:88,0
DA:94,0
DA:96,0
DA:97,0
DA:99,0
DA:107,0
DA:109,0
DA:110,0
DA:112,0
DA:113,0
DA:119,0
DA:121,0
DA:125,0
DA:130,0
DA:132,0
DA:143,0
DA:145,0
DA:146,0
DA:147,0
DA:151,0
DA:152,0
DA:154,0
DA:163,0
DA:165,0
DA:166,0
DA:168,0
DA:176,0
DA:178,0
DA:179,0
DA:181,0
DA:182,0
DA:185,0
DA:188,0
DA:190,0
DA:192,0
DA:194,0
DA:196,0
DA:198,0
DA:200,0
DA:201,0
DA:205,0
DA:206,0
DA:208,0
DA:224,0
DA:226,0
DA:227,0
DA:231,0
DA:239,0
DA:240,0
DA:242,0
DA:243,0
DA:246,0
DA:251,0
DA:253,0
DA:254,0
DA:255,0
DA:258,0
DA:260,0
DA:261,0
DA:263,0
DA:266,0
DA:272,0
DA:279,0
DA:281,0
DA:282,0
DA:287,0
DA:296,0
DA:299,0
DA:309,0
DA:313,0
DA:314,0
DA:315,0
DA:317,0
DA:318,0
DA:327,0
DA:328,0
DA:336,0
DA:337,0
DA:339,0
DA:340,0
DA:348,0
DA:349,0
DA:360,0
DA:395,0
DA:405,0
DA:407,0
DA:417,0
DA:425,0
DA:434,0
DA:436,0
LF:117
LH:1
BRDA:5,0,0,0
BRDA:5,0,1,0
BRDA:8,1,0,0
BRDA:8,1,1,0
BRDA:11,2,0,0
BRDA:11,2,1,0
BRDA:20,3,0,0
BRDA:20,3,1,0
BRDA:42,4,0,0
BRDA:42,4,1,0
BRDA:51,5,0,0
BRDA:51,5,1,0
BRDA:51,5,2,0
BRDA:71,6,0,0
BRDA:71,6,1,0
BRDA:82,7,0,0
BRDA:82,7,1,0
BRDA:100,8,0,0
BRDA:100,8,1,0
BRDA:112,9,0,0
BRDA:112,9,1,0
BRDA:121,10,0,0
BRDA:121,10,1,0
BRDA:122,11,0,0
BRDA:122,11,1,0
BRDA:146,12,0,0
BRDA:146,12,1,0
BRDA:147,13,0,0
BRDA:147,13,1,0
BRDA:166,14,0,0
BRDA:166,14,1,0
BRDA:169,15,0,0
BRDA:169,15,1,0
BRDA:181,16,0,0
BRDA:181,16,1,0
BRDA:194,17,0,0
BRDA:194,17,1,0
BRDA:196,18,0,0
BRDA:196,18,1,0
BRDA:205,19,0,0
BRDA:205,19,1,0
BRDA:232,20,0,0
BRDA:232,20,1,0
BRDA:242,21,0,0
BRDA:242,21,1,0
BRDA:260,22,0,0
BRDA:260,22,1,0
BRDA:287,23,0,0
BRDA:287,23,1,0
BRDA:296,24,0,0
BRDA:296,24,1,0
BRDA:299,25,0,0
BRDA:299,25,1,0
BRDA:313,26,0,0
BRDA:313,26,1,0
BRDA:317,27,0,0
BRDA:317,27,1,0
BRDA:327,28,0,0
BRDA:327,28,1,0
BRDA:339,29,0,0
BRDA:339,29,1,0
BRDA:348,30,0,0
BRDA:348,30,1,0
BRDA:372,31,0,0
BRDA:372,31,1,0
BRDA:380,32,0,0
BRDA:380,32,1,0
BRF:67
BRH:0
end_of_record
TN:
SF:controllers/authController.js
FN:4,(anonymous_0)
FN:47,(anonymous_1)
FNF:2
FNH:2
FNDA:1,(anonymous_0)
FNDA:2,(anonymous_1)
DA:4,4
DA:5,1
DA:6,1
DA:8,1
DA:10,1
DA:11,0
DA:14,1
DA:15,1
DA:17,1
DA:18,0
DA:21,1
DA:28,1
DA:33,1
DA:43,0
DA:47,4
DA:48,2
DA:49,2
DA:51,2
DA:53,2
DA:54,0
DA:57,2
DA:59,2
DA:60,1
DA:63,1
DA:69,1
DA:78,0
LF:26
LH:21
BRDA:10,0,0,0
BRDA:10,0,1,1
BRDA:17,1,0,0
BRDA:17,1,1,1
BRDA:17,2,0,1
BRDA:17,2,1,1
BRDA:17,2,2,1
BRDA:53,3,0,0
BRDA:53,3,1,2
BRDA:59,4,0,1
BRDA:59,4,1,1
BRF:11
BRH:8
end_of_record
TN:
SF:controllers/climbController.js
FN:7,(anonymous_0)
FN:66,(anonymous_1)
FN:99,(anonymous_2)
FN:117,(anonymous_3)
FN:136,(anonymous_4)
FN:164,(anonymous_5)
FN:196,(anonymous_6)
FNF:7
FNH:2
FNDA:1,(anonymous_0)
FNDA:1,(anonymous_1)
FNDA:0,(anonymous_2)
FNDA:0,(anonymous_3)
FNDA:0,(anonymous_4)
FNDA:0,(anonymous_5)
FNDA:0,(anonymous_6)
DA:7,4
DA:8,1
DA:9,1
DA:11,1
DA:13,1
DA:14,0
DA:19,1
DA:20,0
DA:34,1
DA:37,1
DA:51,1
DA:57,0
DA:66,4
DA:67,1
DA:68,1
DA:70,1
DA:72,1
DA:73,0
DA:76,1
DA:77,0
DA:80,1
DA:85,1
DA:90,0
DA:99,4
DA:100,0
DA:101,0
DA:106,0
DA:108,0
DA:117,4
DA:118,0
DA:119,0
DA:125,0
DA:127,0
DA:136,4
DA:137,0
DA:138,0
DA:154,0
DA:157,0
DA:164,4
DA:165,0
DA:166,0
DA:168,0
DA:169,0
DA:174,0
DA:175,0
DA:180,0
DA:182,0
DA:187,0
DA:196,4
DA:197,0
DA:198,0
DA:200,0
DA:201,0
DA:207,0
DA:208,0
DA:213,0
DA:216,0
LF:57
LH:22
BRDA:13,0,0,0
BRDA:13,0,1,1
BRDA:19,1,0,0
BRDA:19,1,1,1
BRDA:28,2,0,0
BRDA:29,3,0,0
BRDA:30,4,0,0
BRDA:31,5,0,0
BRDA:32,6,0,1
BRDA:44,7,0,0
BRDA:44,7,1,1
BRDA:72,8,0,0
BRDA:72,8,1,1
BRDA:76,9,0,0
BRDA:76,9,1,1
BRDA:168,10,0,0
BRDA:168,10,1,0
BRDA:174,11,0,0
BRDA:174,11,1,0
BRDA:200,12,0,0
BRDA:200,12,1,0
BRDA:207,13,0,0
BRDA:207,13,1,0
BRF:23
BRH:6
end_of_record
TN:
SF:controllers/dashboardController.js
FN:4,getWeekStart
FN:15,(anonymous_1)
FN:32,(anonymous_2)
FN:36,(anonymous_3)
FN:40,(anonymous_4)
FN:45,(anonymous_5)
FN:54,(anonymous_6)
FN:58,(anonymous_7)
FN:63,(anonymous_8)
FN:67,(anonymous_9)
FN:93,(anonymous_10)
FNF:11
FNH:3
FNDA:1,getWeekStart
FNDA:1,(anonymous_1)
FNDA:0,(anonymous_2)
FNDA:0,(anonymous_3)
FNDA:0,(anonymous_4)
FNDA:0,(anonymous_5)
FNDA:0,(anonymous_6)
FNDA:7,(anonymous_7)
FNDA:0,(anonymous_8)
FNDA:0,(anonymous_9)
FNDA:0,(anonymous_10)
DA:5,1
DA:6,1
DA:7,1
DA:9,1
DA:10,1
DA:12,1
DA:15,4
DA:17,1
DA:19,1
DA:21,1
DA:25,1
DA:29,1
DA:31,1
DA:32,0
DA:35,1
DA:36,0
DA:39,1
DA:41,0
DA:45,1
DA:46,0
DA:50,0
DA:53,1
DA:54,0
DA:58,1
DA:59,7
DA:60,7
DA:62,7
DA:63,0
DA:66,7
DA:67,0
DA:71,7
DA:79,1
DA:93,0
DA:97,0
LF:34
LH:24
BRDA:4,0,0,1
BRDA:7,1,0,0
BRDA:7,1,1,1
BRDA:41,2,0,0
BRDA:41,2,1,0
BRDA:50,3,0,0
BRDA:50,3,1,0
BRDA:54,4,0,0
BRDA:54,4,1,0
BRDA:67,5,0,0
BRDA:67,5,1,0
BRDA:85,6,0,0
BRDA:85,6,1,1
BRF:13
BRH:3
end_of_record
TN:
SF:controllers/sessionController.js
FN:7,(anonymous_0)
FN:30,(anonymous_1)
FN:37,(anonymous_2)
FN:43,(anonymous_3)
FN:47,(anonymous_4)
FN:74,(anonymous_5)
FN:105,(anonymous_6)
FN:141,(anonymous_7)
FNF:8
FNH:1
FNDA:1,(anonymous_0)
FNDA:0,(anonymous_1)
FNDA:0,(anonymous_2)
FNDA:0,(anonymous_3)
FNDA:0,(anonymous_4)
FNDA:0,(anonymous_5)
FNDA:0,(anonymous_6)
FNDA:0,(anonymous_7)
DA:7,4
DA:8,1
DA:9,1
DA:11,1
DA:19,1
DA:21,0
DA:30,4
DA:31,0
DA:32,0
DA:36,0
DA:38,0
DA:42,0
DA:43,0
DA:46,0
DA:47,0
DA:50,0
DA:62,0
DA:65,0
DA:74,4
DA:75,0
DA:76,0
DA:78,0
DA:79,0
DA:84,0
DA:85,0
DA:90,0
DA:96,0
DA:105,4
DA:106,0
DA:107,0
DA:109,0
DA:110,0
DA:116,0
DA:117,0
DA:123,0
DA:128,0
DA:130,0
DA:135,0
DA:141,4
DA:142,0
DA:143,0
DA:145,0
DA:146,0
DA:152,0
DA:153,0
DA:158,0
DA:171,0
DA:177,0
LF:48
LH:9
BRDA:55,0,0,0
BRDA:55,0,1,0
BRDA:78,1,0,0
BRDA:78,1,1,0
BRDA:84,2,0,0
BRDA:84,2,1,0
BRDA:109,3,0,0
BRDA:109,3,1,0
BRDA:116,4,0,0
BRDA:116,4,1,0
BRDA:145,5,0,0
BRDA:145,5,1,0
BRDA:152,6,0,0
BRDA:152,6,1,0
BRF:14
BRH:0
end_of_record
TN:
SF:middleware/authMiddleware.js
FN:3,(anonymous_0)
FNF:1
FNH:1
FNDA:5,(anonymous_0)
DA:3,4
DA:4,5
DA:5,5
DA:8,5
DA:9,1
DA:12,4
DA:14,4
DA:16,4
DA:18,4
DA:20,0
DA:21,0
LF:11
LH:9
BRDA:8,0,0,1
BRDA:8,0,1,4
BRDA:8,1,0,5
BRDA:8,1,1,4
BRF:4
BRH:4
end_of_record
TN:
SF:models/Climb.js
FNF:0
FNH:0
DA:3,4
DA:80,4
LF:2
LH:2
BRF:0
BRH:0
end_of_record
TN:
SF:models/Session.js
FNF:0
FNH:0
DA:3,4
DA:36,4
LF:2
LH:2
BRF:0
BRH:0
end_of_record
TN:
SF:models/User.js
FNF:0
FNH:0
DA:3,4
DA:24,4
LF:2
LH:2
BRF:0
BRH:0
end_of_record
TN:
SF:routes/analyticsRoutes.js
FNF:0
FNH:0
DA:6,4
DA:9,4
LF:2
LH:2
BRF:0
BRH:0
end_of_record
TN:
SF:routes/authRoutes.js
FNF:0
FNH:0
DA:8,4
DA:10,4
DA:11,4
LF:3
LH:3
BRF:0
BRH:0
end_of_record
TN:
SF:routes/climbRoutes.js
FNF:0
FNH:0
DA:14,4
DA:18,4
DA:19,4
DA:21,4
DA:22,4
DA:23,4
DA:26,4
DA:27,4
DA:28,4
LF:9
LH:9
BRF:0
BRH:0
end_of_record
TN:
SF:routes/dashboardRoutes.js
FN:10,(anonymous_0)
FNF:1
FNH:1
FNDA:1,(anonymous_0)
DA:5,4
DA:7,4
DA:11,1
LF:3
LH:3
BRF:0
BRH:0
end_of_record
TN:
SF:routes/sessionRoutes.js
FNF:0
FNH:0
DA:12,4
DA:15,4
DA:19,4
LF:3
LH:3
BRF:0
BRH:0
end_of_record
TN:
SF:routes/userRoutes.js
FN:6,(anonymous_0)
FNF:1
FNH:0
FNDA:0,(anonymous_0)
DA:4,4
DA:6,4
DA:7,0
LF:3
LH:2
BRF:0
BRH:0
end_of_record
TN:
SF:tests/setup.js
FN:6,connectTestDB
FN:12,closeTestDB
FNF:2
FNH:2
FNDA:3,connectTestDB
FNDA:3,closeTestDB
DA:7,3
DA:9,3
DA:13,3
DA:14,3
DA:16,3
LF:5
LH:5
BRF:0
BRH:0
end_of_record
